{
  "stats": {
    "suites": 1,
    "tests": 4,
    "passes": 4,
    "pending": 0,
    "failures": 0,
    "start": "2025-06-23T11:42:40.213Z",
    "end": "2025-06-23T11:42:43.220Z",
    "duration": 3007,
    "testsRegistered": 4,
    "passPercent": 100,
    "pendingPercent": 0,
    "other": 0,
    "hasOther": false,
    "skipped": 0,
    "hasSkipped": false
  },
  "results": [
    {
      "uuid": "2978a0c9-bd8d-4404-88a8-72f345bce731",
      "title": "",
      "fullFile": "C:\\Users\\IRMA SURYANI\\Desktop\\API -TEST\\TUGASSESI7\\reqres.js",
      "file": "\\TUGASSESI7\\reqres.js",
      "beforeHooks": [],
      "afterHooks": [],
      "tests": [],
      "suites": [
        {
          "uuid": "9c833bf7-8c88-4a86-8eb3-b0b17256c28e",
          "title": "Fitur Reqres",
          "fullFile": "C:\\Users\\IRMA SURYANI\\Desktop\\API -TEST\\TUGASSESI7\\reqres.js",
          "file": "\\TUGASSESI7\\reqres.js",
          "beforeHooks": [],
          "afterHooks": [],
          "tests": [
            {
              "title": "Get Single User",
              "fullTitle": "Fitur Reqres Get Single User",
              "timedOut": false,
              "duration": 600,
              "state": "passed",
              "speed": "slow",
              "pass": true,
              "fail": false,
              "pending": false,
              "context": null,
              "code": "const response = await fetch(\"https://reqres.in/api/users?page=2\");\nconst data = await response.json();\n// console.log(data);\n// assert status respon\nassert.strictEqual(response.status, 200, \"Status respon bukan 200\");\n// assert untuk memastikan respon tidak kosong\nassert.ok(data, \"Respon tidak berisi teks apapun atau kosong\");\n// assert untuk memastikan respon berisi teks json valid\nassert.ok(data.data, \"Respon tidak berisi properti 'data'\");",
              "err": {},
              "uuid": "d8e743f4-2b95-4974-a356-ab710289a5d9",
              "parentUUID": "9c833bf7-8c88-4a86-8eb3-b0b17256c28e",
              "isHook": false,
              "skipped": false
            },
            {
              "title": "POST Create User",
              "fullTitle": "Fitur Reqres POST Create User",
              "timedOut": false,
              "duration": 1157,
              "state": "passed",
              "speed": "slow",
              "pass": true,
              "fail": false,
              "pending": false,
              "context": null,
              "code": "const response = await fetch(\"https://reqres.in/api/users\", {\n    method: \"POST\",\n    headers: {\n        \"x-api-key\": \"reqres-free-v1\",\n        \"Content-Type\": \"application/json\",\n    },\n    body: JSON.stringify({\n        \"name\": \"Irma Suryani\",\n         \"job\": \"Freelance paraphrasing & Dokumen editing\",\n    }),\n});\nconst data = await response.json();\n//console.log(data);\n// assert status respon\nassert.strictEqual(response.status, 201, \"Status respon bukan 201\");\n // assert untuk memastikan respon tidak kosong\nassert.ok(data, \"Respon tidak berisi teks apapun atau kosong\");\n// assert untuk memastikan nama yang ada sesuai\nassert.strictEqual(data.name, \"Irma Suryani\", \"Nama tidak sesuai\");",
              "err": {},
              "uuid": "1709db18-2277-4470-ac98-e2cef3b9b759",
              "parentUUID": "9c833bf7-8c88-4a86-8eb3-b0b17256c28e",
              "isHook": false,
              "skipped": false
            },
            {
              "title": "PATCH Update User",
              "fullTitle": "Fitur Reqres PATCH Update User",
              "timedOut": false,
              "duration": 527,
              "state": "passed",
              "speed": "slow",
              "pass": true,
              "fail": false,
              "pending": false,
              "context": null,
              "code": "const response = await fetch(\"https://reqres.in/api/users/2\", {\n    method: \"PATCH\",\n    headers: {\n        \"x-api-key\": \"reqres-free-v1\",\n        \"Content-Type\": \"application/json\",\n    },\n    body: JSON.stringify({\n         \"name\": \"Irma Suryani\",\n         \"job\": \"QA Engineer (dreamjob)\",\n    }),\n});\nconst data = await response.json();\n//console.log(data);\n// assert status respon\nassert.strictEqual(response.status, 200, \"Status respon bukan 200 OK\");\n // assert untuk memastikan respon tidak kosong\nassert.ok(data, \"Respon tidak berisi teks apapun atau kosong\");\n// assert untuk memastikan job terupdate dengan relevan\nassert.strictEqual(data.job, \"QA Engineer (dreamjob)\", \"Updatean job tidak relevan\");",
              "err": {},
              "uuid": "63af974f-87ec-4e8f-bcbd-3a7f277aaf28",
              "parentUUID": "9c833bf7-8c88-4a86-8eb3-b0b17256c28e",
              "isHook": false,
              "skipped": false
            },
            {
              "title": "DELETE User",
              "fullTitle": "Fitur Reqres DELETE User",
              "timedOut": false,
              "duration": 709,
              "state": "passed",
              "speed": "slow",
              "pass": true,
              "fail": false,
              "pending": false,
              "context": null,
              "code": "const response = await fetch(\"https://reqres.in/api/users/2\", {\n    method : \"DELETE\",\n    headers: { \"x-api-key\": \"reqres-free-v1\" } //api key untuk dapat mengakses website\n});\n// menggunakan respon text karena body respon kosong tidak memuat text JSON\nconst responseText = await response.text();\n// console.log(data);\n// assert status respon\nassert.strictEqual(response.status, 204, \"Status respon bukan 204\");\n// assert untuk memastikan body respon kosong\nassert.strictEqual(responseText, \"\", \"Respon tidak kosong, seharusnya kosong\");",
              "err": {},
              "uuid": "6ba90564-78ab-4075-9fc5-140b30344a66",
              "parentUUID": "9c833bf7-8c88-4a86-8eb3-b0b17256c28e",
              "isHook": false,
              "skipped": false
            }
          ],
          "suites": [],
          "passes": [
            "d8e743f4-2b95-4974-a356-ab710289a5d9",
            "1709db18-2277-4470-ac98-e2cef3b9b759",
            "63af974f-87ec-4e8f-bcbd-3a7f277aaf28",
            "6ba90564-78ab-4075-9fc5-140b30344a66"
          ],
          "failures": [],
          "pending": [],
          "skipped": [],
          "duration": 2993,
          "root": false,
          "rootEmpty": false,
          "_timeout": 2000
        }
      ],
      "passes": [],
      "failures": [],
      "pending": [],
      "skipped": [],
      "duration": 0,
      "root": true,
      "rootEmpty": true,
      "_timeout": 2000
    }
  ],
  "meta": {
    "mocha": {
      "version": "11.6.0"
    },
    "mochawesome": {
      "options": {
        "quiet": false,
        "reportFilename": "mochawesome",
        "saveHtml": true,
        "saveJson": true,
        "consoleReporter": "spec",
        "useInlineDiffs": false,
        "code": true
      },
      "version": "7.1.3"
    },
    "marge": {
      "options": null,
      "version": "6.2.0"
    }
  }
}